SF:lib/src/firebase_app.dart
DA:9,2
DA:28,0
DA:34,1
DA:36,2
DA:38,0
DA:39,0
DA:41,2
DA:42,3
DA:43,2
DA:45,1
DA:46,4
DA:51,1
DA:52,2
DA:55,3
DA:56,1
DA:57,1
DA:58,2
DA:60,1
DA:64,1
DA:66,1
DA:67,6
DA:71,0
DA:74,0
end_of_record
SF:lib/src/firebase_options.dart
DA:8,1
DA:21,1
DA:24,1
DA:25,1
DA:26,1
DA:27,1
DA:28,1
DA:29,1
DA:30,1
DA:31,1
DA:32,1
DA:33,1
DA:34,1
DA:35,2
DA:36,1
DA:99,1
DA:100,1
DA:101,1
DA:102,1
DA:103,1
DA:104,1
DA:105,1
DA:106,1
DA:107,1
DA:108,1
DA:109,1
DA:110,1
DA:111,1
DA:116,1
DA:118,1
DA:119,3
DA:120,3
DA:121,3
DA:122,3
DA:123,3
DA:124,3
DA:125,3
DA:126,3
DA:127,3
DA:128,3
DA:129,3
DA:133,0
DA:134,0
DA:135,0
DA:136,0
DA:137,0
DA:138,0
DA:139,0
DA:140,0
DA:141,0
DA:142,0
DA:143,0
DA:144,0
DA:145,0
DA:150,0
end_of_record
